Traceback (most recent call last):
  File "/home/pranavsatheesh/host_galaxies/py_files/population_sort_mergers_and_non_mergers.py", line 312, in <module>
    pop_gen = pop_generator(basePath,merger_file_loc,minN_values,brahma_key)
  File "/home/pranavsatheesh/host_galaxies/py_files/population_sort_mergers_and_non_mergers.py", line 55, in __init__
    self.prog_mass_ratio = fmergers['ProgMassRatio_mod'][:]
  File "h5py/_objects.pyx", line 54, in h5py._objects.with_phil.wrapper
  File "h5py/_objects.pyx", line 55, in h5py._objects.with_phil.wrapper
  File "/blue/lblecha/pranavsatheesh/.conda/envs/hfrl/lib/python3.10/site-packages/h5py/_hl/group.py", line 357, in __getitem__
    oid = h5o.open(self.id, self._e(name), lapl=self._lapl)
  File "h5py/_objects.pyx", line 54, in h5py._objects.with_phil.wrapper
  File "h5py/_objects.pyx", line 55, in h5py._objects.with_phil.wrapper
  File "h5py/h5o.pyx", line 257, in h5py.h5o.open
KeyError: "Unable to synchronously open object (object 'ProgMassRatio_mod' doesn't exist)"
Traceback (most recent call last):
  File "/home/pranavsatheesh/host_galaxies/py_files/population_sort_mergers_and_non_mergers.py", line 312, in <module>
    pop_gen = pop_generator(basePath,merger_file_loc,minN_values,brahma_key)
  File "/home/pranavsatheesh/host_galaxies/py_files/population_sort_mergers_and_non_mergers.py", line 55, in __init__
    self.prog_mass_ratio = fmergers['ProgMassRatio_mod'][:]
  File "h5py/_objects.pyx", line 54, in h5py._objects.with_phil.wrapper
  File "h5py/_objects.pyx", line 55, in h5py._objects.with_phil.wrapper
  File "/blue/lblecha/pranavsatheesh/.conda/envs/hfrl/lib/python3.10/site-packages/h5py/_hl/group.py", line 357, in __getitem__
    oid = h5o.open(self.id, self._e(name), lapl=self._lapl)
  File "h5py/_objects.pyx", line 54, in h5py._objects.with_phil.wrapper
  File "h5py/_objects.pyx", line 55, in h5py._objects.with_phil.wrapper
  File "h5py/h5o.pyx", line 257, in h5py.h5o.open
KeyError: "Unable to synchronously open object (object 'ProgMassRatio_mod' doesn't exist)"
Traceback (most recent call last):
  File "/home/pranavsatheesh/host_galaxies/py_files/population_sort_mergers_and_non_mergers.py", line 312, in <module>
    pop_gen = pop_generator(basePath,merger_file_loc,minN_values,brahma_key)
  File "/home/pranavsatheesh/host_galaxies/py_files/population_sort_mergers_and_non_mergers.py", line 55, in __init__
    self.prog_mass_ratio = fmergers['ProgMassRatio_mod'][:]
  File "h5py/_objects.pyx", line 54, in h5py._objects.with_phil.wrapper
  File "h5py/_objects.pyx", line 55, in h5py._objects.with_phil.wrapper
  File "/blue/lblecha/pranavsatheesh/.conda/envs/hfrl/lib/python3.10/site-packages/h5py/_hl/group.py", line 357, in __getitem__
    oid = h5o.open(self.id, self._e(name), lapl=self._lapl)
  File "h5py/_objects.pyx", line 54, in h5py._objects.with_phil.wrapper
  File "h5py/_objects.pyx", line 55, in h5py._objects.with_phil.wrapper
  File "h5py/h5o.pyx", line 257, in h5py.h5o.open
KeyError: "Unable to synchronously open object (object 'ProgMassRatio_mod' doesn't exist)"
Traceback (most recent call last):
  File "/home/pranavsatheesh/host_galaxies/py_files/population_sort_mergers_and_non_mergers.py", line 312, in <module>
    pop_gen = pop_generator(basePath,merger_file_loc,minN_values,brahma_key)
  File "/home/pranavsatheesh/host_galaxies/py_files/population_sort_mergers_and_non_mergers.py", line 55, in __init__
    self.prog_mass_ratio = fmergers['ProgMassRatio_mod'][:]
  File "h5py/_objects.pyx", line 54, in h5py._objects.with_phil.wrapper
  File "h5py/_objects.pyx", line 55, in h5py._objects.with_phil.wrapper
  File "/blue/lblecha/pranavsatheesh/.conda/envs/hfrl/lib/python3.10/site-packages/h5py/_hl/group.py", line 357, in __getitem__
    oid = h5o.open(self.id, self._e(name), lapl=self._lapl)
  File "h5py/_objects.pyx", line 54, in h5py._objects.with_phil.wrapper
  File "h5py/_objects.pyx", line 55, in h5py._objects.with_phil.wrapper
  File "h5py/h5o.pyx", line 257, in h5py.h5o.open
KeyError: "Unable to synchronously open object (object 'ProgMassRatio_mod' doesn't exist)"
