Traceback (most recent call last):
  File "/home/pranavsatheesh/host_galaxies/py_files/population_sort_mergers_and_non_mergers.py", line 312, in <module>
    pop_gen = pop_generator(basePath,merger_file_loc,minN_values,brahma_key)
  File "/home/pranavsatheesh/host_galaxies/py_files/population_sort_mergers_and_non_mergers.py", line 54, in __init__
    self.z_remnant = self.brahma_redshifts[self.snap_merger_remnant]
AttributeError: 'pop_generator' object has no attribute 'snap_merger_remnant'
Traceback (most recent call last):
  File "/home/pranavsatheesh/host_galaxies/py_files/population_sort_mergers_and_non_mergers.py", line 312, in <module>
    pop_gen = pop_generator(basePath,merger_file_loc,minN_values,brahma_key)
  File "/home/pranavsatheesh/host_galaxies/py_files/population_sort_mergers_and_non_mergers.py", line 54, in __init__
    self.z_remnant = self.brahma_redshifts[self.snap_merger_remnant]
AttributeError: 'pop_generator' object has no attribute 'snap_merger_remnant'
Traceback (most recent call last):
  File "/home/pranavsatheesh/host_galaxies/py_files/population_sort_mergers_and_non_mergers.py", line 312, in <module>
    pop_gen = pop_generator(basePath,merger_file_loc,minN_values,brahma_key)
  File "/home/pranavsatheesh/host_galaxies/py_files/population_sort_mergers_and_non_mergers.py", line 54, in __init__
    self.z_remnant = self.brahma_redshifts[self.snap_merger_remnant]
AttributeError: 'pop_generator' object has no attribute 'snap_merger_remnant'
Traceback (most recent call last):
  File "/home/pranavsatheesh/host_galaxies/py_files/population_sort_mergers_and_non_mergers.py", line 312, in <module>
    pop_gen = pop_generator(basePath,merger_file_loc,minN_values,brahma_key)
  File "/home/pranavsatheesh/host_galaxies/py_files/population_sort_mergers_and_non_mergers.py", line 54, in __init__
    self.z_remnant = self.brahma_redshifts[self.snap_merger_remnant]
AttributeError: 'pop_generator' object has no attribute 'snap_merger_remnant'
