/orange/lblecha/aklantbhowmick/GAS_BASED_SEED_MODEL_UNIFORM_RUNS/L12p5n512/AREPO/SM5_TNG /home/pranavsatheesh/host_galaxies/data/merger_files
Creating merger and non merger populations for sim runAREPO
8.012172948865935 17 17 8.012172948865935
4
0 4
7.005417045544533 18 18 7.005417045544533
6
0 6
6.0107573988449 19 19 6.0107573988449
19
0 19
/orange/lblecha/aklantbhowmick/GAS_BASED_SEED_MODEL_UNIFORM_RUNS/L12p5n512/AREPO/SM5_LW10_TNG /home/pranavsatheesh/host_galaxies/data/merger_files
Creating merger and non merger populations for sim runAREPO
8.012172948865935 17 17 8.012172948865935
2
0 2
7.005417045544533 18 18 7.005417045544533
6
0 6
/orange/lblecha/aklantbhowmick/GAS_BASED_SEED_MODEL_UNIFORM_RUNS/L12p5n512/AREPO/SM5_LW10_LOWSPIN_TNG /home/pranavsatheesh/host_galaxies/data/merger_files
Creating merger and non merger populations for sim runAREPO
9.00233985416247 16 16 9.00233985416247
2
0 2
8.012172948865935 17 17 8.012172948865935
4
0 4
7.005417045544533 18 18 7.005417045544533
8
0 8
/orange/lblecha/aklantbhowmick/GAS_BASED_SEED_MODEL_UNIFORM_RUNS/L12p5n512/AREPO/SM5_LW10_LOWSPIN_RICH_TNG /home/pranavsatheesh/host_galaxies/data/merger_files
Creating merger and non merger populations for sim runAREPO
9.996590466186332 15 15 9.996590466186332
1
0 1
9.00233985416247 16 16 9.00233985416247
1
0 1
8.012172948865935 17 17 8.012172948865935
5
0 5
7.005417045544533 18 18 7.005417045544533
3
0 3
6.0107573988449 19 19 6.0107573988449
13
0 13
