444 444 8048423
576 576 7983385
652 652 7974096
829 829 7978407
877 877 7982509
1047 1047 7987494
1222 1222 7981620
1271 1271 7968980
1509 1509 7935350
1519 1519 7915509
1587 1587 7876861
1762 1762 7832045
1793 1793 7786792
1833 1833 7737426
1865 1865 7689686
1927 1927 7639891
1989 1989 7583454
2146 2146 7524894
2285 2285 7473304
2398 2398 7420366
2413 2413 7367920
2523 2523 7322312
2558 2558 7267627
2728 2728 7239049
2821 2821 7171792
2907 2907 7124744
2899 2899 7074700
2960 2960 7026751
3019 3019 6985698
3088 3088 6937059
3077 3077 6898712
3181 3181 6860315
3243 3243 6821331
3220 3220 6780233
3280 3280 6731706
3343 3343 6702979
3340 3340 6664117
3361 3361 6626768
3333 3333 6587236
3396 3396 6559827
3454 3454 6522397
3442 3442 6495632
3484 3484 6459496
3469 3469 6433434
3493 3493 6398065
3463 3463 6372997
3532 3532 6347860
3510 3510 6323498
3558 3558 6291059
3519 3519 6267484
3556 3556 6244619
3534 3534 6222624
3574 3574 6199927
3557 3557 6179037
3606 3606 6154930
3567 3567 6132771
3617 3617 6112657
3582 3582 6091327
3640 3640 6077258
3627 3627 6056050
3646 3646 6035696
3623 3623 6021836
3611 3611 5995178
3627 3627 5982048
3589 3589 5959195
3608 3608 5938435
3596 3596 5923451
3618 3618 5903571
3588 3588 5883279
3565 3565 5871142
3610 3610 5852906
3591 3591 5841201
3629 3629 5822766
3617 3617 5806493
3589 3589 5793925
3601 3601 5777129
3608 3608 5766299
3620 3620 5749499
3607 3607 5739720
3629 3629 5723981
3633 3633 5712997
3614 3614 5698054
3627 3627 5688113
All-cases population saved to /home/pranavsatheesh/host_galaxies/data/population_files/new/population_sort_gas-100_dm-100_star-100_bh-001_w_rsep_cut_1bh.hdf5
