['', 'orange', 'lblecha', 'IllustrisTNG', 'Runs', 'TNG50-1', 'output']
simName='TNG50-1'
snapshot scale factors in /orange/lblecha/IllustrisTNG/Runs/TNG50-1:
[0.04751386 0.06254232 0.07704034 0.08350282 0.09093728 0.09625777
 0.09997661 0.10582597 0.11096103 0.11634526 0.12141409 0.12491542
 0.13348287 0.14263794 0.1460576  0.15314485 0.16057599 0.1667797
 0.17653754 0.18422877 0.19316822 0.1996827  0.21236949 0.22267443
 0.2334794  0.24949284 0.25668768 0.26787083 0.2795412  0.29034102
 0.30155808 0.31172794 0.32224077 0.33310814 0.344342   0.35427208
 0.36448853 0.37499959 0.38398999 0.39506344 0.40071935 0.41423335
 0.42416436 0.43433346 0.44474635 0.45325613 0.46412269 0.47300321
 0.48205365 0.49127726 0.50067736 0.51268081 0.52002058 0.52997065
 0.54011111 0.55044559 0.55832602 0.56900902 0.57715521 0.5881985
 0.59661941 0.60803512 0.61674002 0.62556955 0.63452548 0.64666649
 0.65592445 0.66531496 0.6748399  0.68450121 0.69430083 0.70424076
 0.71432298 0.72454955 0.73492252 0.74192021 0.75254187 0.76331559
 0.77058363 0.78532797 0.7928056  0.80415576 0.81566841 0.82343493
 0.8352236  0.84718103 0.8552476  0.86749171 0.87575168 0.88828933
 0.90100647 0.90958556 0.92260759 0.93139235 0.94472658 0.95372195
 0.96737586 0.97658689 0.99056814 1.        ]
12882 subhalos meet criteria: minNdm=100, minNgas=100,minNstar=100, minNbh=0
Total number of subhalos in snap 99: 5688113. ncheck=np.int64(1000).
Output filepath: /home/pranavsatheesh/host_galaxies/merger_file_runs/galaxy-mergers_TNG50-1_gas-100_dm-100_star-100_bh-000.hdf5
Finished writing initial header data to file.

processing sub 0 (0 of 12882 meeting criteria)...
Total tree entries for subhalo 0: 10071090
 # mergers from dup DescendantIDs: 647998, from MergerInfo class: 206
processing sub 411462 (1000 of 12882 meeting criteria)...
Total tree entries for subhalo 411462: 3221
processing sub 562340 (2000 of 12882 meeting criteria)...
Total tree entries for subhalo 562340: 20800
 # mergers from dup DescendantIDs: 1519, from MergerInfo class: 2
processing sub 642396 (3000 of 12882 meeting criteria)...
Total tree entries for subhalo 642396: 15686
 # mergers from dup DescendantIDs: 1179, from MergerInfo class: 1
processing sub 696679 (4000 of 12882 meeting criteria)...
Total tree entries for subhalo 696679: 7561
 # mergers from dup DescendantIDs: 592, from MergerInfo class: 1
processing sub 736370 (5000 of 12882 meeting criteria)...
Total tree entries for subhalo 736370: 6088
 # mergers from dup DescendantIDs: 505, from MergerInfo class: 1
processing sub 767010 (6000 of 12882 meeting criteria)...
Total tree entries for subhalo 767010: 2230
processing sub 792204 (7000 of 12882 meeting criteria)...
Total tree entries for subhalo 792204: 3213
processing sub 813344 (8000 of 12882 meeting criteria)...
Total tree entries for subhalo 813344: 1663
processing sub 832120 (9000 of 12882 meeting criteria)...
Total tree entries for subhalo 832120: 1970
processing sub 848955 (10000 of 12882 meeting criteria)...
Total tree entries for subhalo 848955: 1461
processing sub 865547 (11000 of 12882 meeting criteria)...
Total tree entries for subhalo 865547: 1999
processing sub 885938 (12000 of 12882 meeting criteria)...
Total tree entries for subhalo 885938: 731
allMrgSubhID shape: (7699, 3)
Finished processing merger trees for 5688113 subhalos in snap 99.
Found 7699 mergers.
