421 421 8048423
539 539 7983385
608 608 7974096
777 777 7978407
826 826 7982509
996 996 7987494
1169 1169 7981620
1234 1234 7968980
1453 1453 7935350
1467 1467 7915509
1534 1534 7876861
1693 1693 7832045
1734 1734 7786792
1784 1784 7737426
1818 1818 7689686
1887 1887 7639891
1946 1946 7583454
2095 2095 7524894
2231 2231 7473304
2351 2351 7420366
2380 2380 7367920
2483 2483 7322312
2524 2524 7267627
2692 2692 7239049
2800 2800 7171792
2892 2892 7124744
2894 2894 7074700
2955 2955 7026751
3014 3014 6985698
3096 3096 6937059
3099 3099 6898712
3195 3195 6860315
3255 3255 6821331
3240 3240 6780233
3308 3308 6731706
3361 3361 6702979
3374 3374 6664117
3406 3406 6626768
3393 3393 6587236
3461 3461 6559827
3515 3515 6522397
3514 3514 6495632
3561 3561 6459496
3554 3554 6433434
3588 3588 6398065
3566 3566 6372997
3628 3628 6347860
3620 3620 6323498
3665 3665 6291059
3632 3632 6267484
3676 3676 6244619
3667 3667 6222624
3713 3713 6199927
3694 3694 6179037
3744 3744 6154930
3720 3720 6132771
3778 3778 6112657
3742 3742 6091327
3802 3802 6077258
3796 3796 6056050
3812 3812 6035696
3795 3795 6021836
3780 3780 5995178
3803 3803 5982048
3778 3778 5959195
3810 3810 5938435
3796 3796 5923451
3821 3821 5903571
3787 3787 5883279
3773 3773 5871142
3823 3823 5852906
3816 3816 5841201
3857 3857 5822766
3847 3847 5806493
3826 3826 5793925
3850 3850 5777129
3860 3860 5766299
3888 3888 5749499
3880 3880 5739720
3915 3915 5723981
3924 3924 5712997
3906 3906 5698054
3932 3932 5688113
All-cases population saved to /home/pranavsatheesh/host_galaxies/data/population_files/new/population_sort_gas-000_dm-000_star-1000_bh-001_w_rsep_cut_1bh.hdf5
