177 177 7283577
254 254 7682480
319 319 7928561
525 525 8443678
806 806 8861273
917 917 8437090
1169 1169 8421557
1468 1468 8171214
1682 1682 8048423
2158 2158 7983385
2519 2519 7974096
2942 2942 7978407
3233 3233 7982509
3865 3865 7987494
4292 4292 7981620
4675 4675 7968980
5259 5259 7935350
5392 5392 7915509
5754 5754 7876861
6054 6054 7832045
6278 6278 7786792
6452 6452 7737426
6626 6626 7689686
6853 6853 7639891
6974 6974 7583454
7170 7170 7524894
7413 7413 7473304
7617 7617 7420366
7818 7818 7367920
7944 7944 7322312
7979 7979 7267627
8175 8175 7239049
8370 8370 7171792
8475 8475 7124744
8601 8601 7074700
8643 8643 7026751
8706 8706 6985698
8822 8822 6937059
8932 8932 6898712
8975 8975 6860315
9019 9019 6821331
9087 9087 6780233
9150 9150 6731706
9204 9204 6702979
9315 9315 6664117
9339 9339 6626768
9412 9412 6587236
9468 9468 6559827
9540 9540 6522397
9589 9589 6495632
9620 9620 6459496
9706 9706 6433434
9763 9763 6398065
9769 9769 6372997
9831 9831 6347860
9873 9873 6323498
9945 9945 6291059
9962 9962 6267484
10014 10014 6244619
10061 10061 6222624
10129 10129 6199927
10152 10152 6179037
10202 10202 6154930
10216 10216 6132771
10239 10239 6112657
10222 10222 6091327
10287 10287 6077258
10292 10292 6056050
10340 10340 6035696
10359 10359 6021836
10374 10374 5995178
10368 10368 5982048
10410 10410 5959195
10413 10413 5938435
10417 10417 5923451
10425 10425 5903571
10431 10431 5883279
10448 10448 5871142
10462 10462 5852906
10477 10477 5841201
10494 10494 5822766
10510 10510 5806493
10513 10513 5793925
10500 10500 5777129
10545 10545 5766299
10588 10588 5749499
10590 10590 5739720
10623 10623 5723981
10649 10649 5712997
10669 10669 5698054
10655 10655 5688113
All-cases population saved to /home/pranavsatheesh/host_galaxies/data/population_files/new/population_sort_gas-000_dm-000_star-1000_bh-000_w_rsep_cut_1bh.hdf5
