['', 'orange', 'lblecha', 'IllustrisTNG', 'Runs', 'TNG50-1', 'output']
simName='TNG50-1'
snapshot scale factors in /orange/lblecha/IllustrisTNG/Runs/TNG50-1:
[0.04751386 0.06254232 0.07704034 0.08350282 0.09093728 0.09625777
 0.09997661 0.10582597 0.11096103 0.11634526 0.12141409 0.12491542
 0.13348287 0.14263794 0.1460576  0.15314485 0.16057599 0.1667797
 0.17653754 0.18422877 0.19316822 0.1996827  0.21236949 0.22267443
 0.2334794  0.24949284 0.25668768 0.26787083 0.2795412  0.29034102
 0.30155808 0.31172794 0.32224077 0.33310814 0.344342   0.35427208
 0.36448853 0.37499959 0.38398999 0.39506344 0.40071935 0.41423335
 0.42416436 0.43433346 0.44474635 0.45325613 0.46412269 0.47300321
 0.48205365 0.49127726 0.50067736 0.51268081 0.52002058 0.52997065
 0.54011111 0.55044559 0.55832602 0.56900902 0.57715521 0.5881985
 0.59661941 0.60803512 0.61674002 0.62556955 0.63452548 0.64666649
 0.65592445 0.66531496 0.6748399  0.68450121 0.69430083 0.70424076
 0.71432298 0.72454955 0.73492252 0.74192021 0.75254187 0.76331559
 0.77058363 0.78532797 0.7928056  0.80415576 0.81566841 0.82343493
 0.8352236  0.84718103 0.8552476  0.86749171 0.87575168 0.88828933
 0.90100647 0.90958556 0.92260759 0.93139235 0.94472658 0.95372195
 0.96737586 0.97658689 0.99056814 1.        ]
3734 subhalos meet criteria: minNdm=100, minNgas=100,minNstar=100, minNbh=1
Total number of subhalos in snap 99: 5688113. ncheck=np.int64(100).
Output filepath: /home/pranavsatheesh/host_galaxies/merger_file_runs/galaxy-mergers_TNG50-1_gas-100_dm-100_star-100_bh-001.hdf5
Finished writing initial header data to file.

processing sub 0 (0 of 3734 meeting criteria)...
Total tree entries for subhalo 0: 10071090
 # mergers from dup DescendantIDs: 647998, from MergerInfo class: 21
processing sub 117253 (100 of 3734 meeting criteria)...
Total tree entries for subhalo 117253: 107829
processing sub 167413 (200 of 3734 meeting criteria)...
Total tree entries for subhalo 167413: 8432
processing sub 242788 (300 of 3734 meeting criteria)...
Total tree entries for subhalo 242788: 767751
 # mergers from dup DescendantIDs: 61056, from MergerInfo class: 2
processing sub 300913 (400 of 3734 meeting criteria)...
Total tree entries for subhalo 300913: 6391
processing sub 358614 (500 of 3734 meeting criteria)...
Total tree entries for subhalo 358614: 4198
processing sub 402557 (600 of 3734 meeting criteria)...
Total tree entries for subhalo 402557: 25782
 # mergers from dup DescendantIDs: 1998, from MergerInfo class: 1
processing sub 436937 (700 of 3734 meeting criteria)...
Total tree entries for subhalo 436937: 3087
processing sub 475619 (800 of 3734 meeting criteria)...
Total tree entries for subhalo 475619: 118506
processing sub 503439 (900 of 3734 meeting criteria)...
Total tree entries for subhalo 503439: 6161
processing sub 527842 (1000 of 3734 meeting criteria)...
Total tree entries for subhalo 527842: 8143
processing sub 553491 (1100 of 3734 meeting criteria)...
Total tree entries for subhalo 553491: 3367
processing sub 573413 (1200 of 3734 meeting criteria)...
Total tree entries for subhalo 573413: 26039
 # mergers from dup DescendantIDs: 2008, from MergerInfo class: 1
processing sub 590014 (1300 of 3734 meeting criteria)...
Total tree entries for subhalo 590014: 3991
processing sub 604855 (1400 of 3734 meeting criteria)...
Total tree entries for subhalo 604855: 14435
processing sub 618707 (1500 of 3734 meeting criteria)...
Total tree entries for subhalo 618707: 16245
processing sub 630290 (1600 of 3734 meeting criteria)...
Total tree entries for subhalo 630290: 16308
processing sub 641754 (1700 of 3734 meeting criteria)...
Total tree entries for subhalo 641754: 12457
processing sub 651450 (1800 of 3734 meeting criteria)...
Total tree entries for subhalo 651450: 4813
processing sub 660564 (1900 of 3734 meeting criteria)...
Total tree entries for subhalo 660564: 15226
processing sub 669418 (2000 of 3734 meeting criteria)...
Total tree entries for subhalo 669418: 9520
processing sub 677786 (2100 of 3734 meeting criteria)...
Total tree entries for subhalo 677786: 4549
processing sub 685739 (2200 of 3734 meeting criteria)...
Total tree entries for subhalo 685739: 6121
processing sub 693304 (2300 of 3734 meeting criteria)...
Total tree entries for subhalo 693304: 8337
processing sub 699798 (2400 of 3734 meeting criteria)...
Total tree entries for subhalo 699798: 10886
processing sub 705909 (2500 of 3734 meeting criteria)...
Total tree entries for subhalo 705909: 7692
processing sub 711236 (2600 of 3734 meeting criteria)...
Total tree entries for subhalo 711236: 6437
 # mergers from dup DescendantIDs: 512, from MergerInfo class: 1
processing sub 717017 (2700 of 3734 meeting criteria)...
Total tree entries for subhalo 717017: 8277
processing sub 722070 (2800 of 3734 meeting criteria)...
Total tree entries for subhalo 722070: 7231
processing sub 727308 (2900 of 3734 meeting criteria)...
Total tree entries for subhalo 727308: 7265
processing sub 732068 (3000 of 3734 meeting criteria)...
Total tree entries for subhalo 732068: 6131
processing sub 736408 (3100 of 3734 meeting criteria)...
Total tree entries for subhalo 736408: 4149
processing sub 740702 (3200 of 3734 meeting criteria)...
Total tree entries for subhalo 740702: 6267
processing sub 744991 (3300 of 3734 meeting criteria)...
Total tree entries for subhalo 744991: 5464
processing sub 749473 (3400 of 3734 meeting criteria)...
Total tree entries for subhalo 749473: 5769
processing sub 754802 (3500 of 3734 meeting criteria)...
Total tree entries for subhalo 754802: 3831
processing sub 762663 (3600 of 3734 meeting criteria)...
Total tree entries for subhalo 762663: 4383
processing sub 802087 (3700 of 3734 meeting criteria)...
Total tree entries for subhalo 802087: 1733
allMrgSubhID shape: (467, 3)
Finished processing merger trees for 5688113 subhalos in snap 99.
Found 467 mergers.
